
ROM used:   17026/131056 (13%)
            17026/131056 (13%) including unused fragments

            3.1 Average locations per line
            20.2 Average locations per statement

RAM used:   360/3578 (10%) at main() level
            520/3578 (15%) worst case

Stack used: 7 worst case (6 in main + 1 for interrupts)
Stack size: 31

Lines Stmts  %   Files
----- ----- ---  -----
  108    63   7  son_tmp_main.c
   76     0   0  cigs\system\son_tmp_main.h
  116     0   0  cigs\system\son_tmp_config.h
 1487     0   0  ..\..\..\..\..\..\..\Program Files (x86)\PICC\Devices\18F67J94.h
   21     0   0  cigs\hardware\mcu\timer.h
  195     0   0  ..\..\..\..\..\..\..\Program Files (x86)\PICC\Drivers\stdint.h
   28     0   0  cigs\hardware\mcu\uart.h
   23     0   0  lib\communication\typedef_content.h
   15     0   0  lib\communication\value_status.h
   13     0   0  lib\tool\calc_tools.h
  105     0   0  lib\tool\smf_queue.h
  193     0   0  lib\tool\mmj_smf_memorymap.h
  100     0   0  lib\device\mt25q.h
   79     0   0  lib\communication\communication.h
   31     0   0  lib\communication\frame.h
   17     0   0  lib\communication\communication_driver.h
   23     0   0  lib\communication\mission_tools.h
   28     0   0  cigs\core\measurement\son_tmp_strain.h
   39     0   0  ..\..\..\..\..\..\..\Program Files (x86)\PICC\Drivers\stdbool.h
   41     0   0  cigs\core\measurement\son_tmp_temp.h
   99     0   0  cigs\core\storage\son_tmp_flash.h
  435     0   0  ..\..\..\..\..\..\..\Program Files (x86)\PICC\Drivers\string.h
   32     0   0  ..\..\..\..\..\..\..\Program Files (x86)\PICC\Drivers\stddef.h
   28     0   0  ..\..\..\..\..\..\..\Program Files (x86)\PICC\Drivers\ctype.h
   41     0   0  cigs\core\logging\son_tmp_piclog.h
   22     0   0  cigs\application\mission\son_tmp_excute_mission.h
   16     0   0  cigs\application\mission\son_tmp_mode_mission.h
   24     0   0  cigs\application\mission\son_tmp_mode_flash.h
   45    16   2  cigs\hardware\mcu\src\timer.c
   37     4   0  cigs\hardware\mcu\src\uart.c
  587   290  34  lib\device\mt25q.c
   60    15   2  lib\tool\calc_tools.c
   83    41   5  lib\tool\smf_queue.c
  127    64   8  lib\communication\communication.c
   17     3   0  lib\communication\communication_driver.c
   81    47   6  lib\communication\mission_tools.c
  330    83  10  cigs\core\measurement\son_tmp_strain.c
   92     7   1  cigs\core\measurement\son_tmp_temp.c
   60    22   3  cigs\core\logging\son_tmp_piclog.c
   99    35   4  cigs\core\storage\son_tmp_smf.c
   21     0   0  cigs\core\storage\son_tmp_smf.h
  164    75   9  cigs\core\storage\son_tmp_flash.c
  108    34   4  cigs\application\mission\son_tmp_excute_mission.c
   49    13   2  cigs\application\mission\son_tmp_mode_mission.c
  107    31   4  cigs\application\mission\son_tmp_mode_flash.c
----- -----
 5502   843 Total

Page ROM  %  RAM    Vol Diff  Functions:
---- --- --- ---    --- ----  ----------
0     46   0    1             @delay_ms1
0     82   0    1             @PUTCHAR_1_
0     16   0    0             @PUTCHARI_BIU_2
0     38   0    0             @GETCH_BIU_2
0     32   0    3             @SPI_XFER_1_8
0     96   0    6             @SPI_XFER_2
0     58   0    0     90  2.8  TIMER1_isr
0     66   0    0    192  2.6  setup_timer
0     44   0    0             @const1457
0     48   0    3             @PSTRINGC_950
0     12   0    0             @const1462
0     20   0    0     13  1.0  get_current_sec
0     36   0    0     50  1.5  setup_uart_to_boss
0     18   0    0             @const1463
0     12   0    0             @const1464
0     62   0    6    104  3.0  clear_receive_signal
0     36   0    0             @MEMSET
0    232   1   13    436  9.0  spi_xfer_select_stream
0    552   2   28    794  9.8  spi_xfer_and_read_select_stream
0    364   1   18    791 10.0  spi_xfer_two_datas_select_stream
0     84   0    6             @WRITEBITA
0    160   0    6    199  3.8  status_register
0    858   3   25   2032  9.9  subsector_4kByte_erase
0    532   2   28   1438  8.4  read_data_bytes
0    900   3   29   2226 10.5  write_data_bytes
0    198   1   25    353  5.6  is_connect
0    108   0    4    201  7.9  calc_crc8
0     26   0    0             @const1545
0     26   0    0             @const1547
0     24   0    0             @const1548
0    506   1   25   1307  9.6  make_receive_command
0     32   0    0             @const1552
0     14   0    0             @const1553
0    112   0    2             @PRINTF_X_950
0     28   0    0             @const1565
0    168   0    5    387  7.3  trim_receive_signal_header
0     22   0    0             @const1567
0     18   0    0             @const1568
0    188   1    4    295  7.4  get_content_size
0     36   0    0             @const1570
0     54   0    4             @PSTRINGCN_950
0    234   1    6    356  5.9  check_crc
0     18   0    0             @const1575
0     24   0    0             @const1576
0     24   0    0             @const1577
0    186   1    1    194  3.4  check_device_id
0     34   0    0             @const1578
0     24   0    0             @const1579
0     24   0    0             @const1580
0    150   0   25    457  5.9  transmit_command
0    182   1    6    351  4.4  transmit
0     14   0    0             @const1585
0     22   0    0     33  1.3  transmit_ack
0     36   0    0             @const1590
0     56   0    0             @const1593
0     26   0    0             @const1596
0     26   0    0             @const1598
0     28   0    0             @const1599
0     56   0    0             @const1600
0     34   0    0             @const1601
0     88   0    0    290  1.8  io_init
0     16   0    0             @const1602
0     12   0    0             @const1603
0     74   0    4    187  3.6  read_adc_ltc2452
0    908   3  147   2331  9.9  execute_measurement
0     54   0    0             @const1605
0     72   0    3             @DIV88
0    170   0    2             @PRINTF_U_950
0     40   0    0             @const1621
0     68   0    0    119  1.5  temp_io_init
0     22   0    0             @const1622
0     12   0    0             @const1623
0     34   0    0     43  0.7  read_adc_internal
0    416   1   14   1146  6.5  piclog_make
0     14   0    0             @const1626
0    444   1    8    402  5.9  cigs_smf_prepare
0     48   0    0             @const1637
0    218   1   13             @DIV3232
0    258   1   12    402  5.9  @PRINTF_L32U_950
0     36   0    0             @const1643
0    478   1   76    685  9.5  cigs_smf_copy
0     34   0    0             @const1647
0     24   0    0             @const1650
0    116   0    0    133  3.0  cigs_smf_permit
0     46   0    0             @const1651
0    456   1   64   1226  4.3  misf_init
0     28   0    0    133  3.0  @const1652
0     22   0    0             @const1653
0     26   0    0   1226  4.3  @const1654
0     20   0    0             @const1655
0     24   0    0             @const1656
0     34   0    0             @const1658
0     46   0    0             @const1659
0     12   0    0             @const1660
0    176   1   64    490  3.8  make_flash_data_table
0    118   0   64    114  2.4  write_misf_address_area
0     24   0    0    388  4.6  @const1665
0     36   0    0    730  5.8  @const1666
0     36   0    0    300  1.9  @const1667
0     36   0    0             @const1668
0     24   0    0             @const1669
0    274   1    3    581  6.0  process_boss_command
0     28   0    0             @const1673
0     26   0    0             @const1674
0    114   0    4    280  4.3  execute_command
0     28   0    0             @const1676
0    382   1    6    666  6.1  execute_mission_sequence
0     34   0    0    280  4.3  @const1678
0     52   0    0             @const1683
0     68   0    0    666  6.1  @const1684
0     36   0    0             @const1685
0     38   0    0     70  1.5  prepare_smf_transfer
0     32   0    0             @const1686
0     38   0    0     70  1.5  execute_smf_transfer
0     32   0    0     70  1.5  @const1687
0     58   0    0    123  2.0  permit_smf_transfer
0     30   0    0     70  1.5  @const1688
0     42   0    0             @const1689
0    758   2   90   1630 13.1  execute_flash_dump
0     34   0    0             @const1696
0    116   0   14             @MUL3232
0     14   0    0   1630 13.1  @const1705
0     28   0    0             @const1706
0     30   0    0             @const1708
0     66   0    0             @const1709
0     36   0    0             @const1710
0   1792   5   24   2306  9.9  MAIN
0     70   0    0             @const1714
0     26   0    0             @const1715
0     28   0    0   2306  9.9  @const1716
0     10   0    0             @const1717
0     10   0    0             @const1718
0     38   0    0             @const1722
0     32   0    0             @const1723
0     20   0    0             @const1726
0    274   1    6             @PRINTF_D_950
0     50   0    0             @const1733
0     34   0    0             @const1734
0     66   0    0             @const1735
0     12   0    0             @const1737
 Inline         0             @cinit1

Program metrics:
    Functions               54
    Statements              843
    Comments                1655
    Volume (V)              61244
    Difficulty (D)          287.3
    Effort to implement (E) 17595512
    Time to implement (T)   271 hours, 32 minutes
    Est Delivered Bugs (B)  23
    Cyclomatic Complexity   116
    Maintainability (MI)    127

 Segment     Used  Free
-----------  ----  ----
00000-00004     6  0  
00006-00006     0  2  
00008-000BC   182  0  
000BE-0FFFE  16838  48508  
10000-1FFEE     0  65520  



